<?xml version="1.0" encoding="UTF-8"?>
<!-- Generated by org.testng.reporters.JUnitReportReporter -->
<testsuite hostname="Sairam-PC" failures="0" tests="1" name="testNG.NavigateTheWindow" time="167.649" errors="0" timestamp="27 Aug 2018 17:05:31 GMT" skipped="0">
  <testcase classname="testNG.NavigateTheWindow" name="navigatethewindow" time="167.649"/>
</testsuite> <!-- testNG.NavigateTheWindow -->
