<?xml version="1.0" encoding="UTF-8"?>
<!-- Generated by org.testng.reporters.JUnitReportReporter -->
<testsuite hostname="Sairam-PC" failures="0" tests="1" name="testNG.DropDown1" time="27.102" errors="0" timestamp="26 Aug 2018 05:07:58 GMT" skipped="0">
  <testcase classname="testNG.DropDown1" name="allitems" time="27.102"/>
</testsuite> <!-- testNG.DropDown1 -->
