<?xml version="1.0" encoding="UTF-8"?>
<!-- Generated by org.testng.reporters.JUnitReportReporter -->
<testsuite hostname="Sairam-PC" failures="0" tests="1" name="testNG.Alert" time="108.526" errors="0" timestamp="27 Aug 2018 16:42:28 GMT" skipped="0">
  <testcase classname="testNG.Alert" name="alert" time="108.526"/>
</testsuite> <!-- testNG.Alert -->
