<?xml version="1.0" encoding="UTF-8"?>
<!-- Generated by org.testng.reporters.JUnitReportReporter -->
<testsuite hostname="Sairam-PC" failures="1" tests="9" name="testNG.Sample" time="0.325" errors="0" timestamp="26 Aug 2018 04:26:56 GMT" skipped="3">
  <testcase classname="testNG.Sample" name="abc" time="0.003"/>
  <testcase classname="testNG.Sample" name="logout" time="0.000">
    <skipped/>
  </testcase> <!-- logout -->
  <testcase classname="testNG.Sample" name="login" time="0.288">
    <failure type="java.lang.AssertionError">
      <![CDATA[java.lang.AssertionError
at org.junit.Assert.fail(Assert.java:86)
at org.junit.Assert.fail(Assert.java:95)
at testNG.Sample.login(Sample.java:53)
at java.base/jdk.internal.reflect.NativeMethodAccessorImpl.invoke0(Native Method)
at java.base/jdk.internal.reflect.NativeMethodAccessorImpl.invoke(NativeMethodAccessorImpl.java:62)
at java.base/jdk.internal.reflect.DelegatingMethodAccessorImpl.invoke(DelegatingMethodAccessorImpl.java:43)
at java.base/java.lang.reflect.Method.invoke(Method.java:564)
at org.testng.internal.MethodInvocationHelper.invokeMethod(MethodInvocationHelper.java:124)
at org.testng.internal.Invoker.invokeMethod(Invoker.java:583)
at org.testng.internal.Invoker.invokeTestMethod(Invoker.java:719)
at org.testng.internal.Invoker.invokeTestMethods(Invoker.java:989)
at org.testng.internal.TestMethodWorker.invokeTestMethods(TestMethodWorker.java:125)
at org.testng.internal.TestMethodWorker.run(TestMethodWorker.java:109)
at java.base/java.util.concurrent.ThreadPoolExecutor.runWorker(ThreadPoolExecutor.java:1135)
at java.base/java.util.concurrent.ThreadPoolExecutor$Worker.run(ThreadPoolExecutor.java:635)
at java.base/java.lang.Thread.run(Thread.java:844)
]]>
    </failure>
  </testcase> <!-- login -->
  <testcase classname="testNG.Sample" name="homepage" time="0.000">
    <skipped/>
  </testcase> <!-- homepage -->
  <testcase classname="testNG.Sample" name="xyz" time="0.002"/>
  <testcase classname="testNG.Sample" name="testE" time="0.000"/>
  <testcase classname="testNG.Sample" name="testC" time="0.032"/>
  <testcase classname="testNG.Sample" name="testF" time="0.000"/>
  <testcase classname="testNG.Sample" name="testD">
    <skipped/>
  </testcase> <!-- testD -->
</testsuite> <!-- testNG.Sample -->
