<?xml version="1.0" encoding="UTF-8"?>
<!-- Generated by org.testng.reporters.JUnitReportReporter -->
<testsuite hostname="Sairam-PC" failures="0" tests="2" name="testNG.ParameterEx" time="15.472" errors="0" timestamp="28 Aug 2018 16:40:34 GMT" skipped="0">
  <testcase classname="testNG.ParameterEx" name="parameter" time="9.039"/>
  <testcase classname="testNG.ParameterEx" name="login" time="6.433"/>
</testsuite> <!-- testNG.ParameterEx -->
