<?xml version="1.0" encoding="UTF-8"?>
<!-- Generated by org.testng.reporters.JUnitReportReporter -->
<testsuite hostname="Sairam-PC" failures="0" tests="2" name="testNG.DeleteFileandDirectory" time="0.016" errors="0" timestamp="29 Aug 2018 15:59:41 GMT" skipped="0">
  <testcase classname="testNG.DeleteFileandDirectory" name="deleteFileDirectory" time="0.000"/>
  <testcase classname="testNG.DeleteFileandDirectory" name="deleteFile" time="0.016"/>
</testsuite> <!-- testNG.DeleteFileandDirectory -->
