<?xml version="1.0" encoding="UTF-8"?>
<!-- Generated by org.testng.reporters.JUnitReportReporter -->
<testsuite hostname="Sairam-PC" failures="0" tests="1" name="testNG.RadioButtons" time="18.221" errors="0" timestamp="27 Aug 2018 14:49:19 GMT" skipped="0">
  <testcase classname="testNG.RadioButtons" name="radioButton" time="18.221"/>
</testsuite> <!-- testNG.RadioButtons -->
