<?xml version="1.0" encoding="UTF-8"?>
<!-- Generated by org.testng.reporters.JUnitReportReporter -->
<testsuite hostname="Sairam-PC" failures="0" tests="1" name="testNG.Frames" time="24.953" errors="0" timestamp="27 Aug 2018 16:25:36 GMT" skipped="0">
  <testcase classname="testNG.Frames" name="frame" time="24.953"/>
</testsuite> <!-- testNG.Frames -->
