<?xml version="1.0" encoding="UTF-8"?>
<!-- Generated by org.testng.reporters.JUnitReportReporter -->
<testsuite hostname="Sairam-PC" failures="0" tests="1" name="testNG.ScreenShot" time="18.964" errors="0" timestamp="27 Aug 2018 16:32:33 GMT" skipped="0">
  <testcase classname="testNG.ScreenShot" name="frame" time="18.964"/>
</testsuite> <!-- testNG.ScreenShot -->
