<?xml version="1.0" encoding="UTF-8"?>
<!-- Generated by org.testng.reporters.JUnitReportReporter -->
<testsuite hostname="Sairam-PC" failures="0" tests="14" name="testNG.Dataproviderusing" time="0.049" errors="0" timestamp="27 Aug 2018 13:30:43 GMT" skipped="0">
  <testcase classname="testNG.Dataproviderusing" name="addition1" time="0.000"/>
  <testcase classname="testNG.Dataproviderusing" name="addition1" time="0.000"/>
  <testcase classname="testNG.Dataproviderusing" name="addition1" time="0.002"/>
  <testcase classname="testNG.Dataproviderusing" name="addition1" time="0.016"/>
  <testcase classname="testNG.Dataproviderusing" name="addition1" time="0.000"/>
  <testcase classname="testNG.Dataproviderusing" name="addition1" time="0.000"/>
  <testcase classname="testNG.Dataproviderusing" name="addition1" time="0.000"/>
  <testcase classname="testNG.Dataproviderusing" name="addition1" time="0.000"/>
  <testcase classname="testNG.Dataproviderusing" name="addition1" time="0.000"/>
  <testcase classname="testNG.Dataproviderusing" name="addition1" time="0.015"/>
  <testcase classname="testNG.Dataproviderusing" name="addition1" time="0.000"/>
  <testcase classname="testNG.Dataproviderusing" name="addition1" time="0.000"/>
  <testcase classname="testNG.Dataproviderusing" name="addition1" time="0.016"/>
  <testcase classname="testNG.Dataproviderusing" name="addition1" time="0.000"/>
</testsuite> <!-- testNG.Dataproviderusing -->
