<?xml version="1.0" encoding="UTF-8"?>
<!-- Generated by org.testng.reporters.JUnitReportReporter -->
<testsuite hostname="Sairam-PC" failures="0" tests="1" name="testNG.WindowHandle" time="58.790" errors="0" timestamp="28 Aug 2018 05:42:05 GMT" skipped="0">
  <testcase classname="testNG.WindowHandle" name="windowHandle" time="58.790"/>
</testsuite> <!-- testNG.WindowHandle -->
