<?xml version="1.0" encoding="UTF-8"?>
<!-- Generated by org.testng.reporters.JUnitReportReporter -->
<testsuite hostname="Sairam-PC" failures="0" tests="4" name="bhtestNG.links" time="52.557" errors="0" timestamp="27 Aug 2018 13:53:38 GMT" skipped="0">
  <testcase classname="bhtestNG.links" name="pilgrimage" time="11.761"/>
  <testcase classname="bhtestNG.links" name="bushire" time="16.977"/>
  <testcase classname="bhtestNG.links" name="bustickets" time="11.285"/>
  <testcase classname="bhtestNG.links" name="hotels" time="12.534"/>
</testsuite> <!-- bhtestNG.links -->
