<?xml version="1.0" encoding="UTF-8"?>
<!-- Generated by org.testng.reporters.JUnitReportReporter -->
<testsuite hostname="Sairam-PC" failures="0" tests="1" name="testNG.ActionsEx" time="154.016" errors="0" timestamp="27 Aug 2018 17:48:18 GMT" skipped="0">
  <testcase classname="testNG.ActionsEx" name="action" time="154.016"/>
</testsuite> <!-- testNG.ActionsEx -->
