<?xml version="1.0" encoding="UTF-8"?>
<!-- Generated by org.testng.reporters.JUnitReportReporter -->
<testsuite hostname="Sairam-PC" failures="0" tests="1" name="testNG.ReadTheExcel" time="0.985" errors="0" timestamp="29 Aug 2018 16:11:38 GMT" skipped="0">
  <testcase classname="testNG.ReadTheExcel" name="readExcel" time="0.985"/>
</testsuite> <!-- testNG.ReadTheExcel -->
