<?xml version="1.0" encoding="UTF-8"?>
<!-- Generated by org.testng.reporters.JUnitReportReporter -->
<testsuite hostname="Sairam-PC" failures="0" tests="2" name="testNG.DropDown" time="38.992" errors="0" timestamp="26 Aug 2018 05:07:58 GMT" skipped="0">
  <testcase classname="testNG.DropDown" name="registerclick" time="13.333"/>
  <testcase classname="testNG.DropDown" name="allitems" time="25.659"/>
</testsuite> <!-- testNG.DropDown -->
